Release 13.4 Xflow O.87xd (nt)
Copyright (c) 1995-2011 Xilinx, Inc.  All rights reserved.
xflow.exe -wd implementation -p xc6slx16csg324-3 -implement xflow.opt system.ngc
 
PMSPEC -- Overriding Xilinx file
<d:/Xilinx/13.4/ISE_DS/EDK/spartan6/data/spartan6.acd> with local file
<d:/Xilinx/13.4/ISE_DS/ISE/spartan6/data/spartan6.acd>

Using Flow File: C:/Users/MagoRox/Desktop/lab_gobang_AI/implementation/fpga.flw
 
Using Option File(s): 
 C:/Users/MagoRox/Desktop/lab_gobang_AI/implementation/xflow.opt 

Creating Script File ... 

#----------------------------------------------#
# Starting program ngdbuild
# ngdbuild -p xc6slx16csg324-3 -nt timestamp -bm system.bmm
"C:/Users/MagoRox/Desktop/lab_gobang_AI/implementation/system.ngc" -uc
system.ucf system.ngd 
#----------------------------------------------#
Release 13.4 - ngdbuild O.87xd (nt)
Copyright (c) 1995-2011 Xilinx, Inc.  All rights reserved.
PMSPEC -- Overriding Xilinx file
<d:/Xilinx/13.4/ISE_DS/EDK/spartan6/data/spartan6.acd> with local file
<d:/Xilinx/13.4/ISE_DS/ISE/spartan6/data/spartan6.acd>

Command Line: d:\Xilinx\13.4\ISE_DS\ISE\bin\nt\unwrapped\ngdbuild.exe -p
xc6slx16csg324-3 -nt timestamp -bm system.bmm
C:/Users/MagoRox/Desktop/lab_gobang_AI/implementation/system.ngc -uc system.ucf
system.ngd

Reading NGO file
"C:/Users/MagoRox/Desktop/lab_gobang_AI/implementation/system.ngc" ...
Loading design module
"C:/Users/MagoRox/Desktop/lab_gobang_AI/implementation/dip_switches_8bits_wrappe
r.ngc"...
Loading design module
"C:/Users/MagoRox/Desktop/lab_gobang_AI/implementation/rs232_uart_1_wrapper.ngc"
...
Loading design module
"C:/Users/MagoRox/Desktop/lab_gobang_AI/implementation/clock_generator_0_wrapper
.ngc"...
Loading design module
"C:/Users/MagoRox/Desktop/lab_gobang_AI/implementation/proc_sys_reset_0_wrapper.
ngc"...
Loading design module
"C:/Users/MagoRox/Desktop/lab_gobang_AI/implementation/microblaze_0_wrapper.ngc"
...
Loading design module
"C:/Users/MagoRox/Desktop/lab_gobang_AI/implementation/mb_plb_wrapper.ngc"...
Loading design module
"C:/Users/MagoRox/Desktop/lab_gobang_AI/implementation/ilmb_wrapper.ngc"...
Loading design module
"C:/Users/MagoRox/Desktop/lab_gobang_AI/implementation/dlmb_wrapper.ngc"...
Loading design module
"C:/Users/MagoRox/Desktop/lab_gobang_AI/implementation/dlmb_cntlr_wrapper.ngc"..
.
Loading design module
"C:/Users/MagoRox/Desktop/lab_gobang_AI/implementation/ilmb_cntlr_wrapper.ngc"..
.
Loading design module
"C:/Users/MagoRox/Desktop/lab_gobang_AI/implementation/micron_ram_wrapper.ngc"..
.
Loading design module
"C:/Users/MagoRox/Desktop/lab_gobang_AI/implementation/mdm_0_wrapper.ngc"...
Loading design module
"C:/Users/MagoRox/Desktop/lab_gobang_AI/implementation/vga_ip_0_wrapper.ngc"...
Loading design module
"C:/Users/MagoRox/Desktop/lab_gobang_AI/implementation/xps_ps2_0_wrapper.ngc"...
Loading design module
"C:/Users/MagoRox/Desktop/lab_gobang_AI/implementation/xps_timer_0_wrapper.ngc".
..
Loading design module
"C:/Users/MagoRox/Desktop/lab_gobang_AI/implementation/xps_intc_0_wrapper.ngc"..
.
Loading design module
"C:/Users/MagoRox/Desktop/lab_gobang_AI/implementation/sevseg_disp_12bits_wrappe
r.ngc"...
Loading design module
"C:/Users/MagoRox/Desktop/lab_gobang_AI/implementation/lmb_bram_wrapper.ngc"...
Loading design module
"C:/Users/MagoRox/Desktop/lab_gobang_AI/implementation/mem_bus_mux_0_wrapper.ngc
"...
Gathering constraint information from source properties...
Done.

Annotating constraints to design from ucf file "system.ucf" ...
Resolving constraint associations...
Checking Constraint Associations...
INFO:ConstraintSystem:178 - TNM 'sys_clk_pin', used in period specification
   'TS_sys_clk_pin', was traced into PLL_ADV instance
   clock_generator_0/PLL0_INST/Using_PLL_ADV.PLL_ADV_inst. The following new TNM
   groups and period specifications were generated at the PLL_ADV output(s): 
   CLKOUT1: <TIMESPEC TS_clock_generator_0_clock_generator_0_SIG_PLL0_CLKOUT1 =
   PERIOD "clock_generator_0_clock_generator_0_SIG_PLL0_CLKOUT1" TS_sys_clk_pin
   * 0.25 HIGH 50%>

INFO:ConstraintSystem:178 - TNM 'sys_clk_pin', used in period specification
   'TS_sys_clk_pin', was traced into PLL_ADV instance
   clock_generator_0/PLL0_INST/Using_PLL_ADV.PLL_ADV_inst. The following new TNM
   groups and period specifications were generated at the PLL_ADV output(s): 
   CLKOUT0: <TIMESPEC TS_clock_generator_0_clock_generator_0_SIG_PLL0_CLKOUT0 =
   PERIOD "clock_generator_0_clock_generator_0_SIG_PLL0_CLKOUT0" TS_sys_clk_pin
   * 0.666666667 HIGH 50%>

Done...

Processing BMM file "system.bmm" ...

Checking expanded design ...
WARNING:NgdBuild:443 - SFF primitive
   'microblaze_0/microblaze_0/MicroBlaze_Core_I/Performance.Decode_I/Using_FPGA.
   Gen_Bits[27].MEM_EX_Result_Inst' has unconnected output pin
WARNING:NgdBuild:443 - SFF primitive
   'Micron_RAM/Micron_RAM/MCH_PLB_IPIF_I/NO_CHNL_IF_GEN.PLBV46_SLAVE_BURST_I/I_S
   LAVE_ATTACHMENT/I_DECODER/GEN_CE_FOR_SHARED.GEN_BKEND_CE_REGISTERS[0].I_BKEND
   _WRCE_REG' has unconnected output pin
WARNING:NgdBuild:443 - SFF primitive
   'Micron_RAM/Micron_RAM/MCH_PLB_IPIF_I/NO_CHNL_IF_GEN.PLBV46_SLAVE_BURST_I/I_S
   LAVE_ATTACHMENT/I_DECODER/GEN_CE_FOR_SHARED.GEN_BKEND_CE_REGISTERS[0].I_BKEND
   _RDCE_REG' has unconnected output pin
WARNING:NgdBuild:443 - SFF primitive
   'Micron_RAM/Micron_RAM/MCH_PLB_IPIF_I/NO_CHNL_IF_GEN.PLBV46_SLAVE_BURST_I/I_S
   LAVE_ATTACHMENT/I_BUS_ADDRESS_COUNTER/GEN_FOR_SHARED.GEN_S_H_SIZE_REG[0].I_SI
   ZE_S_H_REG' has unconnected output pin
WARNING:NgdBuild:443 - SFF primitive
   'Micron_RAM/Micron_RAM/MCH_PLB_IPIF_I/NO_CHNL_IF_GEN.PLBV46_SLAVE_BURST_I/I_S
   LAVE_ATTACHMENT/I_STEER_ADDRESS_COUNTER/GEN_FOR_SHARED.GEN_S_H_SIZE_REG[0].I_
   SIZE_S_H_REG' has unconnected output pin
WARNING:NgdBuild:443 - SFF primitive
   'Micron_RAM/Micron_RAM/MCH_PLB_IPIF_I/NO_CHNL_IF_GEN.PLBV46_SLAVE_BURST_I/I_S
   LAVE_ATTACHMENT/I_BURST_SUPPORT/RESPONSE_DBEAT_CNTR_I/STRUCTURAL_A_GEN.I_ADDS
   UB_GEN[5].FDRE_I' has unconnected output pin
WARNING:NgdBuild:443 - SFF primitive
   'Micron_RAM/Micron_RAM/MCH_PLB_IPIF_I/NO_CHNL_IF_GEN.PLBV46_SLAVE_BURST_I/I_S
   LAVE_ATTACHMENT/I_BURST_SUPPORT/CONTROL_DBEAT_CNTR_I/STRUCTURAL_A_GEN.I_ADDSU
   B_GEN[5].FDRE_I' has unconnected output pin
WARNING:NgdBuild:443 - SFF primitive
   'Micron_RAM/Micron_RAM/EMC_CTRL_I/ADDR_COUNTER_MUX_I/ADDRESS_STORE_GEN[31].AD
   DRESS_REG' has unconnected output pin
WARNING:NgdBuild:443 - SFF primitive
   'Micron_RAM/Micron_RAM/EMC_CTRL_I/ADDR_COUNTER_MUX_I/ADDRESS_STORE_GEN[30].AD
   DRESS_REG' has unconnected output pin
WARNING:NgdBuild:443 - SFF primitive
   'Micron_RAM/Micron_RAM/EMC_CTRL_I/MEM_STEER_I/RDDATA_PATH_MUX_GEN.ASYNC_ADDR_
   CNT_GEN.RDDATA_EN_GEN_ASYNC[3].RDDATA_EN_REG_ASYNC' has unconnected output
   pin
WARNING:NgdBuild:443 - SFF primitive
   'Micron_RAM/Micron_RAM/EMC_CTRL_I/MEM_STEER_I/ASYNC_MEM_RDACK_GEN.AALIGN_PIPE
   _GEN[1].AALIGN_PIPE' has unconnected output pin
WARNING:NgdBuild:443 - SFF primitive
   'Micron_RAM/Micron_RAM/EMC_CTRL_I/MEM_STATE_MACHINE_I/READ_COMPLETE_PIPE_GEN[
   6].READ_COMPLETE_PIPE' has unconnected output pin
WARNING:NgdBuild:443 - SFF primitive
   'xps_timer_0/xps_timer_0/TC_CORE_I/TIMER_CONTROL_I/TCSR1_GENERATE[20].TCSR1_F
   F_I' has unconnected output pin
WARNING:NgdBuild:443 - SFF primitive
   'xps_timer_0/xps_timer_0/TC_CORE_I/TIMER_CONTROL_I/TCSR1_GENERATE[19].TCSR1_F
   F_I' has unconnected output pin
WARNING:NgdBuild:443 - SFF primitive
   'xps_timer_0/xps_timer_0/TC_CORE_I/TIMER_CONTROL_I/TCSR1_GENERATE[18].TCSR1_F
   F_I' has unconnected output pin
WARNING:NgdBuild:443 - SFF primitive
   'xps_timer_0/xps_timer_0/TC_CORE_I/TIMER_CONTROL_I/TCSR1_GENERATE[17].TCSR1_F
   F_I' has unconnected output pin
WARNING:NgdBuild:443 - SFF primitive
   'xps_timer_0/xps_timer_0/TC_CORE_I/TIMER_CONTROL_I/TCSR1_GENERATE[16].TCSR1_F
   F_I' has unconnected output pin
WARNING:NgdBuild:443 - SFF primitive
   'xps_timer_0/xps_timer_0/TC_CORE_I/TIMER_CONTROL_I/TCSR1_GENERATE[15].TCSR1_F
   F_I' has unconnected output pin
WARNING:NgdBuild:443 - SFF primitive
   'xps_timer_0/xps_timer_0/TC_CORE_I/TIMER_CONTROL_I/TCSR1_GENERATE[14].TCSR1_F
   F_I' has unconnected output pin
WARNING:NgdBuild:443 - SFF primitive
   'xps_timer_0/xps_timer_0/TC_CORE_I/TIMER_CONTROL_I/TCSR1_GENERATE[13].TCSR1_F
   F_I' has unconnected output pin
WARNING:NgdBuild:443 - SFF primitive
   'xps_timer_0/xps_timer_0/TC_CORE_I/TIMER_CONTROL_I/TCSR1_GENERATE[12].TCSR1_F
   F_I' has unconnected output pin
WARNING:NgdBuild:443 - SFF primitive
   'xps_timer_0/xps_timer_0/TC_CORE_I/TIMER_CONTROL_I/TCSR1_GENERATE[11].TCSR1_F
   F_I' has unconnected output pin
WARNING:NgdBuild:443 - SFF primitive
   'xps_timer_0/xps_timer_0/TC_CORE_I/TIMER_CONTROL_I/TCSR1_GENERATE[10].TCSR1_F
   F_I' has unconnected output pin
WARNING:NgdBuild:443 - SFF primitive
   'xps_timer_0/xps_timer_0/TC_CORE_I/TIMER_CONTROL_I/TCSR1_GENERATE[9].TCSR1_FF
   _I' has unconnected output pin
WARNING:NgdBuild:443 - SFF primitive
   'xps_timer_0/xps_timer_0/TC_CORE_I/TIMER_CONTROL_I/TCSR1_GENERATE[8].TCSR1_FF
   _I' has unconnected output pin
WARNING:NgdBuild:443 - SFF primitive
   'xps_timer_0/xps_timer_0/TC_CORE_I/TIMER_CONTROL_I/TCSR1_GENERATE[7].TCSR1_FF
   _I' has unconnected output pin
WARNING:NgdBuild:443 - SFF primitive
   'xps_timer_0/xps_timer_0/TC_CORE_I/TIMER_CONTROL_I/TCSR1_GENERATE[6].TCSR1_FF
   _I' has unconnected output pin
WARNING:NgdBuild:443 - SFF primitive
   'xps_timer_0/xps_timer_0/TC_CORE_I/TIMER_CONTROL_I/TCSR1_GENERATE[5].TCSR1_FF
   _I' has unconnected output pin
WARNING:NgdBuild:443 - SFF primitive
   'xps_timer_0/xps_timer_0/TC_CORE_I/TIMER_CONTROL_I/TCSR1_GENERATE[4].TCSR1_FF
   _I' has unconnected output pin
WARNING:NgdBuild:443 - SFF primitive
   'xps_timer_0/xps_timer_0/TC_CORE_I/TIMER_CONTROL_I/TCSR1_GENERATE[3].TCSR1_FF
   _I' has unconnected output pin
WARNING:NgdBuild:443 - SFF primitive
   'xps_timer_0/xps_timer_0/TC_CORE_I/TIMER_CONTROL_I/TCSR1_GENERATE[2].TCSR1_FF
   _I' has unconnected output pin
WARNING:NgdBuild:443 - SFF primitive
   'xps_timer_0/xps_timer_0/TC_CORE_I/TIMER_CONTROL_I/TCSR1_GENERATE[1].TCSR1_FF
   _I' has unconnected output pin
WARNING:NgdBuild:443 - SFF primitive
   'xps_timer_0/xps_timer_0/TC_CORE_I/TIMER_CONTROL_I/TCSR1_GENERATE[0].TCSR1_FF
   _I' has unconnected output pin
WARNING:NgdBuild:443 - SFF primitive
   'xps_timer_0/xps_timer_0/TC_CORE_I/TIMER_CONTROL_I/TCSR0_GENERATE[20].TCSR0_F
   F_I' has unconnected output pin
WARNING:NgdBuild:443 - SFF primitive
   'xps_timer_0/xps_timer_0/TC_CORE_I/TIMER_CONTROL_I/TCSR0_GENERATE[19].TCSR0_F
   F_I' has unconnected output pin
WARNING:NgdBuild:443 - SFF primitive
   'xps_timer_0/xps_timer_0/TC_CORE_I/TIMER_CONTROL_I/TCSR0_GENERATE[18].TCSR0_F
   F_I' has unconnected output pin
WARNING:NgdBuild:443 - SFF primitive
   'xps_timer_0/xps_timer_0/TC_CORE_I/TIMER_CONTROL_I/TCSR0_GENERATE[17].TCSR0_F
   F_I' has unconnected output pin
WARNING:NgdBuild:443 - SFF primitive
   'xps_timer_0/xps_timer_0/TC_CORE_I/TIMER_CONTROL_I/TCSR0_GENERATE[16].TCSR0_F
   F_I' has unconnected output pin
WARNING:NgdBuild:443 - SFF primitive
   'xps_timer_0/xps_timer_0/TC_CORE_I/TIMER_CONTROL_I/TCSR0_GENERATE[15].TCSR0_F
   F_I' has unconnected output pin
WARNING:NgdBuild:443 - SFF primitive
   'xps_timer_0/xps_timer_0/TC_CORE_I/TIMER_CONTROL_I/TCSR0_GENERATE[14].TCSR0_F
   F_I' has unconnected output pin
WARNING:NgdBuild:443 - SFF primitive
   'xps_timer_0/xps_timer_0/TC_CORE_I/TIMER_CONTROL_I/TCSR0_GENERATE[13].TCSR0_F
   F_I' has unconnected output pin
WARNING:NgdBuild:443 - SFF primitive
   'xps_timer_0/xps_timer_0/TC_CORE_I/TIMER_CONTROL_I/TCSR0_GENERATE[12].TCSR0_F
   F_I' has unconnected output pin
WARNING:NgdBuild:443 - SFF primitive
   'xps_timer_0/xps_timer_0/TC_CORE_I/TIMER_CONTROL_I/TCSR0_GENERATE[11].TCSR0_F
   F_I' has unconnected output pin
WARNING:NgdBuild:443 - SFF primitive
   'xps_timer_0/xps_timer_0/TC_CORE_I/TIMER_CONTROL_I/TCSR0_GENERATE[10].TCSR0_F
   F_I' has unconnected output pin
WARNING:NgdBuild:443 - SFF primitive
   'xps_timer_0/xps_timer_0/TC_CORE_I/TIMER_CONTROL_I/TCSR0_GENERATE[9].TCSR0_FF
   _I' has unconnected output pin
WARNING:NgdBuild:443 - SFF primitive
   'xps_timer_0/xps_timer_0/TC_CORE_I/TIMER_CONTROL_I/TCSR0_GENERATE[8].TCSR0_FF
   _I' has unconnected output pin
WARNING:NgdBuild:443 - SFF primitive
   'xps_timer_0/xps_timer_0/TC_CORE_I/TIMER_CONTROL_I/TCSR0_GENERATE[7].TCSR0_FF
   _I' has unconnected output pin
WARNING:NgdBuild:443 - SFF primitive
   'xps_timer_0/xps_timer_0/TC_CORE_I/TIMER_CONTROL_I/TCSR0_GENERATE[6].TCSR0_FF
   _I' has unconnected output pin
WARNING:NgdBuild:443 - SFF primitive
   'xps_timer_0/xps_timer_0/TC_CORE_I/TIMER_CONTROL_I/TCSR0_GENERATE[5].TCSR0_FF
   _I' has unconnected output pin
WARNING:NgdBuild:443 - SFF primitive
   'xps_timer_0/xps_timer_0/TC_CORE_I/TIMER_CONTROL_I/TCSR0_GENERATE[4].TCSR0_FF
   _I' has unconnected output pin
WARNING:NgdBuild:443 - SFF primitive
   'xps_timer_0/xps_timer_0/TC_CORE_I/TIMER_CONTROL_I/TCSR0_GENERATE[3].TCSR0_FF
   _I' has unconnected output pin
WARNING:NgdBuild:443 - SFF primitive
   'xps_timer_0/xps_timer_0/TC_CORE_I/TIMER_CONTROL_I/TCSR0_GENERATE[2].TCSR0_FF
   _I' has unconnected output pin
WARNING:NgdBuild:443 - SFF primitive
   'xps_timer_0/xps_timer_0/TC_CORE_I/TIMER_CONTROL_I/TCSR0_GENERATE[1].TCSR0_FF
   _I' has unconnected output pin
WARNING:NgdBuild:443 - SFF primitive
   'xps_timer_0/xps_timer_0/TC_CORE_I/TIMER_CONTROL_I/TCSR0_GENERATE[0].TCSR0_FF
   _I' has unconnected output pin
WARNING:NgdBuild:478 - clock net mdm_0/bscan_drck1 with clock driver
   mdm_0/mdm_0/BUFG_DRCK1 drives no clock pins

Partition Implementation Status
-------------------------------

  No Partitions were found in this design.

-------------------------------

NGDBUILD Design Results Summary:
  Number of errors:     0
  Number of warnings:  55

Writing NGD file "system.ngd" ...
Total REAL time to NGDBUILD completion:  33 sec
Total CPU time to NGDBUILD completion:   33 sec

Writing NGDBUILD log file "system.bld"...

NGDBUILD done.



#----------------------------------------------#
# Starting program map
# map -o system_map.ncd -w -pr b -ol high -timing -detail system.ngd system.pcf 
#----------------------------------------------#
Release 13.4 - Map O.87xd (nt)
Copyright (c) 1995-2011 Xilinx, Inc.  All rights reserved.
PMSPEC -- Overriding Xilinx file
<d:/Xilinx/13.4/ISE_DS/EDK/data/Xdh_PrimTypeLib.xda> with local file
<d:/Xilinx/13.4/ISE_DS/ISE/data/Xdh_PrimTypeLib.xda>
Using target part "6slx16csg324-3".
Mapping design into LUTs...
WARNING:MapLib:23 - Short on signal fpga_0_mem_bus_mux_0_FLASH_RPN_O_pin
   detected.
WARNING:MapLib:23 - Short on signal fpga_0_mem_bus_mux_0_QUAD_SPI_C_O_pin
   detected.
WARNING:MapLib:23 - Short on signal fpga_0_mem_bus_mux_0_FLASH_RPN_O_pin
   detected.
WARNING:MapLib:23 - Short on signal fpga_0_mem_bus_mux_0_QUAD_SPI_C_O_pin
   detected.
WARNING:MapLib:23 - Short on signal fpga_0_mem_bus_mux_0_FLASH_RPN_O_pin
   detected.
WARNING:MapLib:23 - Short on signal fpga_0_mem_bus_mux_0_QUAD_SPI_C_O_pin
   detected.
WARNING:MapLib:23 - Short on signal fpga_0_mem_bus_mux_0_FLASH_RPN_O_pin
   detected.
WARNING:MapLib:23 - Short on signal fpga_0_mem_bus_mux_0_QUAD_SPI_C_O_pin
   detected.
WARNING:MapLib:23 - Short on signal fpga_0_mem_bus_mux_0_FLASH_RPN_O_pin
   detected.
WARNING:MapLib:23 - Short on signal fpga_0_mem_bus_mux_0_FLASH_RPN_O_pin
   detected.
WARNING:MapLib:23 - Short on signal fpga_0_mem_bus_mux_0_QUAD_SPI_C_O_pin
   detected.
WARNING:MapLib:23 - Short on signal fpga_0_mem_bus_mux_0_QUAD_SPI_C_O_pin
   detected.
WARNING:MapLib:701 - Signal fpga_0_mem_bus_mux_0_MOSI_QUAD_SPI_pin connected to
   top level port fpga_0_mem_bus_mux_0_MOSI_QUAD_SPI_pin has been removed.
Writing file system_map.ngm...
Running directed packing...
WARNING:Pack:2780 - The register
   "Micron_RAM/Micron_RAM/EMC_CTRL_I/IO_REGISTERS_I/mem_dq_o_reg_0" has the
   property IOB=TRUE, but it did not join an IO component because it is not
   connected to any IO element.
WARNING:Pack:2780 - The register
   "Micron_RAM/Micron_RAM/EMC_CTRL_I/IO_REGISTERS_I/mem_dq_o_reg_1" has the
   property IOB=TRUE, but it did not join an IO component because it is not
   connected to any IO element.
WARNING:Pack:2780 - The register
   "Micron_RAM/Micron_RAM/EMC_CTRL_I/IO_REGISTERS_I/mem_dq_o_reg_2" has the
   property IOB=TRUE, but it did not join an IO component because it is not
   connected to any IO element.
WARNING:Pack:2780 - The register
   "Micron_RAM/Micron_RAM/EMC_CTRL_I/IO_REGISTERS_I/mem_dq_o_reg_3" has the
   property IOB=TRUE, but it did not join an IO component because it is not
   connected to any IO element.
WARNING:Pack:2780 - The register
   "Micron_RAM/Micron_RAM/EMC_CTRL_I/IO_REGISTERS_I/mem_dq_o_reg_4" has the
   property IOB=TRUE, but it did not join an IO component because it is not
   connected to any IO element.
WARNING:Pack:2780 - The register
   "Micron_RAM/Micron_RAM/EMC_CTRL_I/IO_REGISTERS_I/mem_dq_o_reg_5" has the
   property IOB=TRUE, but it did not join an IO component because it is not
   connected to any IO element.
WARNING:Pack:2780 - The register
   "Micron_RAM/Micron_RAM/EMC_CTRL_I/IO_REGISTERS_I/mem_dq_o_reg_6" has the
   property IOB=TRUE, but it did not join an IO component because it is not
   connected to any IO element.
WARNING:Pack:2780 - The register
   "Micron_RAM/Micron_RAM/EMC_CTRL_I/IO_REGISTERS_I/mem_dq_o_reg_7" has the
   property IOB=TRUE, but it did not join an IO component because it is not
   connected to any IO element.
WARNING:Pack:2780 - The register
   "Micron_RAM/Micron_RAM/EMC_CTRL_I/IO_REGISTERS_I/mem_dq_o_reg_8" has the
   property IOB=TRUE, but it did not join an IO component because it is not
   connected to any IO element.
WARNING:Pack:2780 - The register
   "Micron_RAM/Micron_RAM/EMC_CTRL_I/IO_REGISTERS_I/mem_dq_o_reg_9" has the
   property IOB=TRUE, but it did not join an IO component because it is not
   connected to any IO element.
WARNING:Pack:2780 - The register
   "Micron_RAM/Micron_RAM/EMC_CTRL_I/IO_REGISTERS_I/mem_dq_t_reg_0" has the
   property IOB=TRUE, but it did not join an IO component because it is not
   connected to any IO element.
WARNING:Pack:2780 - The register
   "Micron_RAM/Micron_RAM/EMC_CTRL_I/IO_REGISTERS_I/mem_dq_t_reg_1" has the
   property IOB=TRUE, but it did not join an IO component because it is not
   connected to any IO element.
WARNING:Pack:2780 - The register
   "Micron_RAM/Micron_RAM/EMC_CTRL_I/IO_REGISTERS_I/mem_dq_t_reg_2" has the
   property IOB=TRUE, but it did not join an IO component because it is not
   connected to any IO element.
WARNING:Pack:2780 - The register
   "Micron_RAM/Micron_RAM/EMC_CTRL_I/IO_REGISTERS_I/mem_dq_t_reg_3" has the
   property IOB=TRUE, but it did not join an IO component because it is not
   connected to any IO element.
WARNING:Pack:2780 - The register
   "Micron_RAM/Micron_RAM/EMC_CTRL_I/IO_REGISTERS_I/mem_dq_t_reg_4" has the
   property IOB=TRUE, but it did not join an IO component because it is not
   connected to any IO element.
WARNING:Pack:2780 - The register
   "Micron_RAM/Micron_RAM/EMC_CTRL_I/IO_REGISTERS_I/mem_dq_t_reg_5" has the
   property IOB=TRUE, but it did not join an IO component because it is not
   connected to any IO element.
WARNING:Pack:2780 - The register
   "Micron_RAM/Micron_RAM/EMC_CTRL_I/IO_REGISTERS_I/mem_dq_t_reg_6" has the
   property IOB=TRUE, but it did not join an IO component because it is not
   connected to any IO element.
WARNING:Pack:2780 - The register
   "Micron_RAM/Micron_RAM/EMC_CTRL_I/IO_REGISTERS_I/mem_dq_t_reg_7" has the
   property IOB=TRUE, but it did not join an IO component because it is not
   connected to any IO element.
WARNING:Pack:2780 - The register
   "Micron_RAM/Micron_RAM/EMC_CTRL_I/IO_REGISTERS_I/mem_dq_t_reg_8" has the
   property IOB=TRUE, but it did not join an IO component because it is not
   connected to any IO element.
WARNING:Pack:2780 - The register
   "Micron_RAM/Micron_RAM/EMC_CTRL_I/IO_REGISTERS_I/mem_dq_t_reg_9" has the
   property IOB=TRUE, but it did not join an IO component because it is not
   connected to any IO element.
WARNING:Pack:2780 - The register
   "Micron_RAM/Micron_RAM/EMC_CTRL_I/IO_REGISTERS_I/mem_dq_o_reg_10" has the
   property IOB=TRUE, but it did not join an IO component because it is not
   connected to any IO element.
WARNING:Pack:2780 - The register
   "Micron_RAM/Micron_RAM/EMC_CTRL_I/IO_REGISTERS_I/mem_dq_o_reg_11" has the
   property IOB=TRUE, but it did not join an IO component because it is not
   connected to any IO element.
WARNING:Pack:2780 - The register
   "Micron_RAM/Micron_RAM/EMC_CTRL_I/IO_REGISTERS_I/mem_dq_o_reg_12" has the
   property IOB=TRUE, but it did not join an IO component because it is not
   connected to any IO element.
WARNING:Pack:2780 - The register
   "Micron_RAM/Micron_RAM/EMC_CTRL_I/IO_REGISTERS_I/mem_dq_o_reg_13" has the
   property IOB=TRUE, but it did not join an IO component because it is not
   connected to any IO element.
WARNING:Pack:2780 - The register
   "Micron_RAM/Micron_RAM/EMC_CTRL_I/IO_REGISTERS_I/mem_dq_o_reg_14" has the
   property IOB=TRUE, but it did not join an IO component because it is not
   connected to any IO element.
WARNING:Pack:2780 - The register
   "Micron_RAM/Micron_RAM/EMC_CTRL_I/IO_REGISTERS_I/mem_dq_o_reg_15" has the
   property IOB=TRUE, but it did not join an IO component because it is not
   connected to any IO element.
WARNING:Pack:2780 - The register
   "Micron_RAM/Micron_RAM/EMC_CTRL_I/IO_REGISTERS_I/mem_dq_t_reg_10" has the
   property IOB=TRUE, but it did not join an IO component because it is not
   connected to any IO element.
WARNING:Pack:2780 - The register
   "Micron_RAM/Micron_RAM/EMC_CTRL_I/IO_REGISTERS_I/mem_dq_t_reg_11" has the
   property IOB=TRUE, but it did not join an IO component because it is not
   connected to any IO element.
WARNING:Pack:2780 - The register
   "Micron_RAM/Micron_RAM/EMC_CTRL_I/IO_REGISTERS_I/mem_dq_t_reg_12" has the
   property IOB=TRUE, but it did not join an IO component because it is not
   connected to any IO element.
WARNING:Pack:2780 - The register
   "Micron_RAM/Micron_RAM/EMC_CTRL_I/IO_REGISTERS_I/mem_dq_t_reg_13" has the
   property IOB=TRUE, but it did not join an IO component because it is not
   connected to any IO element.
WARNING:Pack:2780 - The register
   "Micron_RAM/Micron_RAM/EMC_CTRL_I/IO_REGISTERS_I/mem_dq_t_reg_14" has the
   property IOB=TRUE, but it did not join an IO component because it is not
   connected to any IO element.
WARNING:Pack:2780 - The register
   "Micron_RAM/Micron_RAM/EMC_CTRL_I/IO_REGISTERS_I/mem_dq_t_reg_15" has the
   property IOB=TRUE, but it did not join an IO component because it is not
   connected to any IO element.
Running delay-based LUT packing...
Updating timing models...
INFO:Map:215 - The Interim Design Summary has been generated in the MAP Report
   (.mrp).
Running timing-driven placement...
Total REAL time at the beginning of Placer: 22 secs 
Total CPU  time at the beginning of Placer: 22 secs 

Phase 1.1  Initial Placement Analysis
Phase 1.1  Initial Placement Analysis (Checksum:c071f90a) REAL time: 24 secs 

Phase 2.7  Design Feasibility Check
Phase 2.7  Design Feasibility Check (Checksum:c071f90a) REAL time: 25 secs 

Phase 3.31  Local Placement Optimization
Phase 3.31  Local Placement Optimization (Checksum:e69b20ba) REAL time: 25 secs 

Phase 4.2  Initial Placement for Architecture Specific Features

Phase 4.2  Initial Placement for Architecture Specific Features
(Checksum:3d90458c) REAL time: 33 secs 

Phase 5.36  Local Placement Optimization
Phase 5.36  Local Placement Optimization (Checksum:3d90458c) REAL time: 33 secs 

Phase 6.30  Global Clock Region Assignment
Phase 6.30  Global Clock Region Assignment (Checksum:3d90458c) REAL time: 33 secs 

Phase 7.3  Local Placement Optimization
Phase 7.3  Local Placement Optimization (Checksum:3d90458c) REAL time: 33 secs 

Phase 8.5  Local Placement Optimization
Phase 8.5  Local Placement Optimization (Checksum:3d90458c) REAL time: 33 secs 

Phase 9.8  Global Placement
........................
......................................................................
.....................................................................................................................................................................
....................................................................................................................................................
..................................................................................................
Phase 9.8  Global Placement (Checksum:b2fcc5da) REAL time: 1 mins 30 secs 

Phase 10.5  Local Placement Optimization
Phase 10.5  Local Placement Optimization (Checksum:b2fcc5da) REAL time: 1 mins 31 secs 

Phase 11.18  Placement Optimization
Phase 11.18  Placement Optimization (Checksum:eba1fd57) REAL time: 1 mins 42 secs 

Phase 12.5  Local Placement Optimization
Phase 12.5  Local Placement Optimization (Checksum:eba1fd57) REAL time: 1 mins 42 secs 

Phase 13.34  Placement Validation
Phase 13.34  Placement Validation (Checksum:8786671) REAL time: 1 mins 43 secs 

Total REAL time to Placer completion: 1 mins 43 secs 
Total CPU  time to Placer completion: 1 mins 43 secs 
Running post-placement packing...
Writing output files...

Design Summary:
Number of errors:      0
Number of warnings:   67
Slice Logic Utilization:
  Number of Slice Registers:                 3,991 out of  18,224   21%
    Number used as Flip Flops:               3,965
    Number used as Latches:                     20
    Number used as Latch-thrus:                  0
    Number used as AND/OR logics:                6
  Number of Slice LUTs:                      4,781 out of   9,112   52%
    Number used as logic:                    4,522 out of   9,112   49%
      Number using O6 output only:           3,802
      Number using O5 output only:             151
      Number using O5 and O6:                  569
      Number used as ROM:                        0
    Number used as Memory:                     169 out of   2,176    7%
      Number used as Dual Port RAM:             64
        Number using O6 output only:             0
        Number using O5 output only:             0
        Number using O5 and O6:                 64
      Number used as Single Port RAM:            0
      Number used as Shift Register:           105
        Number using O6 output only:            28
        Number using O5 output only:             1
        Number using O5 and O6:                 76
    Number used exclusively as route-thrus:     90
      Number with same-slice register load:     71
      Number with same-slice carry load:        19
      Number with other load:                    0

Slice Logic Distribution:
  Number of occupied Slices:                 1,780 out of   2,278   78%
  Nummber of MUXCYs used:                      816 out of   4,556   17%
  Number of LUT Flip Flop pairs used:        5,474
    Number with an unused Flip Flop:         1,748 out of   5,474   31%
    Number with an unused LUT:                 693 out of   5,474   12%
    Number of fully used LUT-FF pairs:       3,033 out of   5,474   55%
    Number of unique control sets:             209
    Number of slice register sites lost
      to control set restrictions:             794 out of  18,224    4%

  A LUT Flip Flop pair for this architecture represents one LUT paired with
  one Flip Flop within a slice.  A control set is a unique combination of
  clock, reset, set, and enable signals for a registered element.
  The Slice Logic Distribution report is not meaningful if the design is
  over-mapped for a non-slice resource or if Placement fails.

IO Utilization:
  Number of bonded IOBs:                        95 out of     232   40%
    Number of LOCed IOBs:                       95 out of      95  100%
    IOB Flip Flops:                             24

Specific Feature Utilization:
  Number of RAMB16BWERs:                        32 out of      32  100%
  Number of RAMB8BWERs:                          0 out of      64    0%
  Number of BUFIO2/BUFIO2_2CLKs:                 1 out of      32    3%
    Number used as BUFIO2s:                      1
    Number used as BUFIO2_2CLKs:                 0
  Number of BUFIO2FB/BUFIO2FB_2CLKs:             0 out of      32    0%
  Number of BUFG/BUFGMUXs:                       4 out of      16   25%
    Number used as BUFGs:                        4
    Number used as BUFGMUX:                      0
  Number of DCM/DCM_CLKGENs:                     0 out of       4    0%
  Number of ILOGIC2/ISERDES2s:                  19 out of     248    7%
    Number used as ILOGIC2s:                    19
    Number used as ISERDES2s:                    0
  Number of IODELAY2/IODRP2/IODRP2_MCBs:         0 out of     248    0%
  Number of OLOGIC2/OSERDES2s:                   4 out of     248    1%
    Number used as OLOGIC2s:                     4
    Number used as OSERDES2s:                    0
  Number of BSCANs:                              1 out of       4   25%
  Number of BUFHs:                               0 out of     128    0%
  Number of BUFPLLs:                             0 out of       8    0%
  Number of BUFPLL_MCBs:                         0 out of       4    0%
  Number of DSP48A1s:                            3 out of      32    9%
  Number of ICAPs:                               0 out of       1    0%
  Number of MCBs:                                0 out of       2    0%
  Number of PCILOGICSEs:                         0 out of       2    0%
  Number of PLL_ADVs:                            1 out of       2   50%
  Number of PMVs:                                0 out of       1    0%
  Number of STARTUPs:                            0 out of       1    0%
  Number of SUSPEND_SYNCs:                       0 out of       1    0%

Average Fanout of Non-Clock Nets:                4.67

Peak Memory Usage:  359 MB
Total REAL time to MAP completion:  1 mins 50 secs 
Total CPU time to MAP completion:   1 mins 49 secs 

Mapping completed.
See MAP report file "system_map.mrp" for details.



#----------------------------------------------#
# Starting program par
# par -w -ol high system_map.ncd system.ncd system.pcf 
#----------------------------------------------#
Release 13.4 - par O.87xd (nt)
Copyright (c) 1995-2011 Xilinx, Inc.  All rights reserved.
PMSPEC -- Overriding Xilinx file <d:/Xilinx/13.4/ISE_DS/EDK/data/parBmgr.acd> with local file
<d:/Xilinx/13.4/ISE_DS/ISE/data/parBmgr.acd>



Constraints file: system.pcf.
Loading device for application Rf_Device from file '6slx16.nph' in environment
d:\Xilinx\13.4\ISE_DS\ISE\;d:\Xilinx\13.4\ISE_DS\EDK.
   "system" is an NCD, version 3.2, device xc6slx16, package csg324, speed -3

Initializing temperature to 85.000 Celsius. (default - Range: 0.000 to 85.000 Celsius)
Initializing voltage to 1.140 Volts. (default - Range: 1.140 to 1.260 Volts)


Device speed data version:  "PRODUCTION 1.21 2012-01-07".



Device Utilization Summary:

Slice Logic Utilization:
  Number of Slice Registers:                 3,991 out of  18,224   21%
    Number used as Flip Flops:               3,965
    Number used as Latches:                     20
    Number used as Latch-thrus:                  0
    Number used as AND/OR logics:                6
  Number of Slice LUTs:                      4,781 out of   9,112   52%
    Number used as logic:                    4,522 out of   9,112   49%
      Number using O6 output only:           3,802
      Number using O5 output only:             151
      Number using O5 and O6:                  569
      Number used as ROM:                        0
    Number used as Memory:                     169 out of   2,176    7%
      Number used as Dual Port RAM:             64
        Number using O6 output only:             0
        Number using O5 output only:             0
        Number using O5 and O6:                 64
      Number used as Single Port RAM:            0
      Number used as Shift Register:           105
        Number using O6 output only:            28
        Number using O5 output only:             1
        Number using O5 and O6:                 76
    Number used exclusively as route-thrus:     90
      Number with same-slice register load:     71
      Number with same-slice carry load:        19
      Number with other load:                    0

Slice Logic Distribution:
  Number of occupied Slices:                 1,780 out of   2,278   78%
  Nummber of MUXCYs used:                      816 out of   4,556   17%
  Number of LUT Flip Flop pairs used:        5,474
    Number with an unused Flip Flop:         1,748 out of   5,474   31%
    Number with an unused LUT:                 693 out of   5,474   12%
    Number of fully used LUT-FF pairs:       3,033 out of   5,474   55%
    Number of slice register sites lost
      to control set restrictions:               0 out of  18,224    0%

  A LUT Flip Flop pair for this architecture represents one LUT paired with
  one Flip Flop within a slice.  A control set is a unique combination of
  clock, reset, set, and enable signals for a registered element.
  The Slice Logic Distribution report is not meaningful if the design is
  over-mapped for a non-slice resource or if Placement fails.

IO Utilization:
  Number of bonded IOBs:                        95 out of     232   40%
    Number of LOCed IOBs:                       95 out of      95  100%
    IOB Flip Flops:                             24

Specific Feature Utilization:
  Number of RAMB16BWERs:                        32 out of      32  100%
  Number of RAMB8BWERs:                          0 out of      64    0%
  Number of BUFIO2/BUFIO2_2CLKs:                 1 out of      32    3%
    Number used as BUFIO2s:                      1
    Number used as BUFIO2_2CLKs:                 0
  Number of BUFIO2FB/BUFIO2FB_2CLKs:             0 out of      32    0%
  Number of BUFG/BUFGMUXs:                       4 out of      16   25%
    Number used as BUFGs:                        4
    Number used as BUFGMUX:                      0
  Number of DCM/DCM_CLKGENs:                     0 out of       4    0%
  Number of ILOGIC2/ISERDES2s:                  19 out of     248    7%
    Number used as ILOGIC2s:                    19
    Number used as ISERDES2s:                    0
  Number of IODELAY2/IODRP2/IODRP2_MCBs:         0 out of     248    0%
  Number of OLOGIC2/OSERDES2s:                   4 out of     248    1%
    Number used as OLOGIC2s:                     4
    Number used as OSERDES2s:                    0
  Number of BSCANs:                              1 out of       4   25%
  Number of BUFHs:                               0 out of     128    0%
  Number of BUFPLLs:                             0 out of       8    0%
  Number of BUFPLL_MCBs:                         0 out of       4    0%
  Number of DSP48A1s:                            3 out of      32    9%
  Number of ICAPs:                               0 out of       1    0%
  Number of MCBs:                                0 out of       2    0%
  Number of PCILOGICSEs:                         0 out of       2    0%
  Number of PLL_ADVs:                            1 out of       2   50%
  Number of PMVs:                                0 out of       1    0%
  Number of STARTUPs:                            0 out of       1    0%
  Number of SUSPEND_SYNCs:                       0 out of       1    0%


Overall effort level (-ol):   High 
Router effort level (-rl):    High 

Starting initial Timing Analysis.  REAL time: 11 secs 
Finished initial Timing Analysis.  REAL time: 11 secs 

WARNING:Par:288 - The signal
   microblaze_0/microblaze_0/MicroBlaze_Core_I/Performance.Data_Flow_I/Register_File_I/Using_LUT6.All_RAM32M[5].ram32m_i_RAMD_D1_O has no
   load.  PAR will not attempt to route this signal.
WARNING:Par:288 - The signal
   microblaze_0/microblaze_0/MicroBlaze_Core_I/Performance.Data_Flow_I/Register_File_I/Using_LUT6.All_RAM32M[7].ram32m_i_RAMD_D1_O has no
   load.  PAR will not attempt to route this signal.
WARNING:Par:288 - The signal
   microblaze_0/microblaze_0/MicroBlaze_Core_I/Performance.Data_Flow_I/Register_File_I/Using_LUT6.All_RAM32M[9].ram32m_i_RAMD_D1_O has no
   load.  PAR will not attempt to route this signal.
WARNING:Par:288 - The signal
   microblaze_0/microblaze_0/MicroBlaze_Core_I/Performance.Data_Flow_I/Register_File_I/Using_LUT6.All_RAM32M[4].ram32m_i_RAMD_D1_O has no
   load.  PAR will not attempt to route this signal.
WARNING:Par:288 - The signal dlmb_LMB_ABus<31> has no load.  PAR will not attempt to route this signal.
WARNING:Par:288 - The signal
   microblaze_0/microblaze_0/MicroBlaze_Core_I/Performance.Data_Flow_I/Register_File_I/Using_LUT6.All_RAM32M[11].ram32m_i_RAMD_D1_O has no
   load.  PAR will not attempt to route this signal.
WARNING:Par:288 - The signal
   microblaze_0/microblaze_0/MicroBlaze_Core_I/Performance.Data_Flow_I/Register_File_I/Using_LUT6.All_RAM32M[6].ram32m_i_RAMD_D1_O has no
   load.  PAR will not attempt to route this signal.
WARNING:Par:288 - The signal dlmb_LMB_ABus<30> has no load.  PAR will not attempt to route this signal.
WARNING:Par:288 - The signal
   microblaze_0/microblaze_0/MicroBlaze_Core_I/Performance.Data_Flow_I/Register_File_I/Using_LUT6.All_RAM32M[10].ram32m_i_RAMD_D1_O has no
   load.  PAR will not attempt to route this signal.
WARNING:Par:288 - The signal
   microblaze_0/microblaze_0/MicroBlaze_Core_I/Performance.Data_Flow_I/Register_File_I/Using_LUT6.All_RAM32M[3].ram32m_i_RAMD_D1_O has no
   load.  PAR will not attempt to route this signal.
WARNING:Par:288 - The signal
   microblaze_0/microblaze_0/MicroBlaze_Core_I/Performance.Data_Flow_I/Register_File_I/Using_LUT6.All_RAM32M[13].ram32m_i_RAMD_D1_O has no
   load.  PAR will not attempt to route this signal.
WARNING:Par:288 - The signal
   microblaze_0/microblaze_0/MicroBlaze_Core_I/Performance.Data_Flow_I/Register_File_I/Using_LUT6.All_RAM32M[15].ram32m_i_RAMD_D1_O has no
   load.  PAR will not attempt to route this signal.
WARNING:Par:288 - The signal
   microblaze_0/microblaze_0/MicroBlaze_Core_I/Performance.Data_Flow_I/Register_File_I/Using_LUT6.All_RAM32M[2].ram32m_i_RAMD_D1_O has no
   load.  PAR will not attempt to route this signal.
WARNING:Par:288 - The signal
   microblaze_0/microblaze_0/MicroBlaze_Core_I/Performance.Data_Flow_I/Register_File_I/Using_LUT6.All_RAM32M[8].ram32m_i_RAMD_D1_O has no
   load.  PAR will not attempt to route this signal.
WARNING:Par:288 - The signal
   microblaze_0/microblaze_0/MicroBlaze_Core_I/Performance.Data_Flow_I/Register_File_I/Using_LUT6.All_RAM32M[14].ram32m_i_RAMD_D1_O has no
   load.  PAR will not attempt to route this signal.
WARNING:Par:288 - The signal
   microblaze_0/microblaze_0/MicroBlaze_Core_I/Performance.Data_Flow_I/Register_File_I/Using_LUT6.All_RAM32M[12].ram32m_i_RAMD_D1_O has no
   load.  PAR will not attempt to route this signal.
WARNING:Par:288 - The signal
   microblaze_0/microblaze_0/MicroBlaze_Core_I/Performance.Data_Flow_I/Register_File_I/Using_LUT6.All_RAM32M[1].ram32m_i_RAMD_D1_O has no
   load.  PAR will not attempt to route this signal.
WARNING:Par:288 - The signal
   microblaze_0/microblaze_0/MicroBlaze_Core_I/Performance.Data_Flow_I/Register_File_I/Using_LUT6.All_RAM32M[0].ram32m_i_RAMD_D1_O has no
   load.  PAR will not attempt to route this signal.
Starting Router


Phase  1  : 32979 unrouted;      REAL time: 12 secs 

Phase  2  : 27560 unrouted;      REAL time: 14 secs 

Phase  3  : 12233 unrouted;      REAL time: 36 secs 

Phase  4  : 12233 unrouted; (Setup:0, Hold:0, Component Switching Limit:0)     REAL time: 37 secs 

Updating file: system.ncd with current fully routed design.

Phase  5  : 0 unrouted; (Setup:0, Hold:0, Component Switching Limit:0)     REAL time: 59 secs 

Phase  6  : 0 unrouted; (Setup:0, Hold:0, Component Switching Limit:0)     REAL time: 59 secs 

Phase  7  : 0 unrouted; (Setup:0, Hold:0, Component Switching Limit:0)     REAL time: 59 secs 

Phase  8  : 0 unrouted; (Setup:0, Hold:0, Component Switching Limit:0)     REAL time: 59 secs 

Phase  9  : 0 unrouted; (Setup:0, Hold:0, Component Switching Limit:0)     REAL time: 59 secs 

Phase 10  : 0 unrouted; (Setup:0, Hold:0, Component Switching Limit:0)     REAL time: 1 mins 1 secs 
Total REAL time to Router completion: 1 mins 1 secs 
Total CPU time to Router completion: 1 mins 2 secs 

Partition Implementation Status
-------------------------------

  No Partitions were found in this design.

-------------------------------

Generating "PAR" statistics.

**************************
Generating Clock Report
**************************

+---------------------+--------------+------+------+------------+-------------+
|        Clock Net    |   Resource   |Locked|Fanout|Net Skew(ns)|Max Delay(ns)|
+---------------------+--------------+------+------+------------+-------------+
|      clk_66_6667MHz | BUFGMUX_X3Y13| No   | 1426 |  0.544     |  1.390      |
+---------------------+--------------+------+------+------------+-------------+
|microblaze_0_mdm_bus |              |      |      |            |             |
|            _Dbg_Clk |  BUFGMUX_X2Y4| No   |   60 |  0.053     |  0.901      |
+---------------------+--------------+------+------+------------+-------------+
|vga_ip_0/vga_ip_0/US |              |      |      |            |             |
|ER_LOGIC_I/vga_ena_B |              |      |      |            |             |
|                 UFG |  BUFGMUX_X2Y2| No   |    6 |  0.023     |  0.896      |
+---------------------+--------------+------+------+------------+-------------+
|clock_generator_0_CL |              |      |      |            |             |
|               KOUT1 |  BUFGMUX_X2Y3| No   |    6 |  0.021     |  0.893      |
+---------------------+--------------+------+------+------------+-------------+
|microblaze_0_mdm_bus |              |      |      |            |             |
|         _Dbg_Update |         Local|      |   21 |  2.423     |  3.799      |
+---------------------+--------------+------+------+------------+-------------+
|xps_timer_0_Interrup |              |      |      |            |             |
|                   t |         Local|      |    1 |  0.000     |  1.849      |
+---------------------+--------------+------+------+------------+-------------+

* Net Skew is the difference between the minimum and maximum routing
only delays for the net. Note this is different from Clock Skew which
is reported in TRCE timing report. Clock Skew is the difference between
the minimum and maximum path delays which includes logic delays.

* The fanout is the number of component pins not the individual BEL loads,
for example SLICE loads not FF loads.

Timing Score: 0 (Setup: 0, Hold: 0, Component Switching Limit: 0)

Number of Timing Constraints that were not applied: 1

Asterisk (*) preceding a constraint indicates it was not met.
   This may be due to a setup or hold violation.

----------------------------------------------------------------------------------------------------------
  Constraint                                |    Check    | Worst Case |  Best Case | Timing |   Timing   
                                            |             |    Slack   | Achievable | Errors |    Score   
----------------------------------------------------------------------------------------------------------
  TS_clock_generator_0_clock_generator_0_SI | SETUP       |     1.068ns|    31.456ns|       0|           0
  G_PLL0_CLKOUT1 = PERIOD TIMEGRP         " | HOLD        |     0.534ns|            |       0|           0
  clock_generator_0_clock_generator_0_SIG_P |             |            |            |        |            
  LL0_CLKOUT1" TS_sys_clk_pin         * 0.2 |             |            |            |        |            
  5 HIGH 50%                                |             |            |            |        |            
----------------------------------------------------------------------------------------------------------
  TS_clock_generator_0_clock_generator_0_SI | SETUP       |     2.154ns|    12.845ns|       0|           0
  G_PLL0_CLKOUT0 = PERIOD TIMEGRP         " | HOLD        |     0.255ns|            |       0|           0
  clock_generator_0_clock_generator_0_SIG_P |             |            |            |        |            
  LL0_CLKOUT0" TS_sys_clk_pin         * 0.6 |             |            |            |        |            
  66666667 HIGH 50%                         |             |            |            |        |            
----------------------------------------------------------------------------------------------------------
  TS_sys_clk_pin = PERIOD TIMEGRP "sys_clk_ | MINLOWPULSE |     6.666ns|     3.334ns|       0|           0
  pin" 100 MHz HIGH 50%                     |             |            |            |        |            
----------------------------------------------------------------------------------------------------------


Derived Constraint Report
Review Timing Report for more details on the following derived constraints.
To create a Timing Report, run "trce -v 12 -fastpaths -o design_timing_report design.ncd design.pcf"
or "Run Timing Analysis" from Timing Analyzer (timingan).
Derived Constraints for TS_sys_clk_pin
+-------------------------------+-------------+-------------+-------------+-------------+-------------+-------------+-------------+
|                               |   Period    |       Actual Period       |      Timing Errors        |      Paths Analyzed       |
|           Constraint          | Requirement |-------------+-------------|-------------+-------------|-------------+-------------|
|                               |             |   Direct    | Derivative  |   Direct    | Derivative  |   Direct    | Derivative  |
+-------------------------------+-------------+-------------+-------------+-------------+-------------+-------------+-------------+
|TS_sys_clk_pin                 |     10.000ns|      3.334ns|      8.563ns|            0|            0|            0|      3310633|
| TS_clock_generator_0_clock_gen|     40.000ns|     31.456ns|          N/A|            0|            0|          530|            0|
| erator_0_SIG_PLL0_CLKOUT1     |             |             |             |             |             |             |             |
| TS_clock_generator_0_clock_gen|     15.000ns|     12.845ns|          N/A|            0|            0|      3310103|            0|
| erator_0_SIG_PLL0_CLKOUT0     |             |             |             |             |             |             |             |
+-------------------------------+-------------+-------------+-------------+-------------+-------------+-------------+-------------+

All constraints were met.


Generating Pad Report.

All signals are completely routed.

WARNING:Par:283 - There are 18 loadless signals in this design. This design will cause Bitgen to issue DRC warnings.

Total REAL time to PAR completion: 1 mins 5 secs 
Total CPU time to PAR completion: 1 mins 6 secs 

Peak Memory Usage:  346 MB

Placer: Placement generated during map.
Routing: Completed - No errors found.
Timing: Completed - No errors found.

Number of error messages: 0
Number of warning messages: 20
Number of info messages: 0

Writing design to file system.ncd



PAR done!



#----------------------------------------------#
# Starting program post_par_trce
# trce -e 3 -xml system.twx system.ncd system.pcf 
#----------------------------------------------#
Release 13.4 - Trace  (nt)
Copyright (c) 1995-2011 Xilinx, Inc.  All rights reserved.


PMSPEC -- Overriding Xilinx file
<d:/Xilinx/13.4/ISE_DS/EDK/spartan6/data/spartan6.acd> with local file
<d:/Xilinx/13.4/ISE_DS/ISE/spartan6/data/spartan6.acd>
Loading device for application Rf_Device from file '6slx16.nph' in environment
d:\Xilinx\13.4\ISE_DS\ISE\;d:\Xilinx\13.4\ISE_DS\EDK.
   "system" is an NCD, version 3.2, device xc6slx16, package csg324, speed -3
--------------------------------------------------------------------------------
Release 13.4 Trace  (nt)
Copyright (c) 1995-2011 Xilinx, Inc.  All rights reserved.

d:\Xilinx\13.4\ISE_DS\ISE\bin\nt\unwrapped\trce.exe -e 3 -xml system.twx
system.ncd system.pcf


Design file:              system.ncd
Physical constraint file: system.pcf
Device,speed:             xc6slx16,-3 (PRODUCTION 1.21 2012-01-07)
Report level:             error report
--------------------------------------------------------------------------------

INFO:Timing:3412 - To improve timing, see the Timing Closure User Guide (UG612).
INFO:Timing:2752 - To get complete path coverage, use the unconstrained paths option. All paths that are not constrained will be reported in
   the unconstrained paths section(s) of the report.
INFO:Timing:3339 - The clock-to-out numbers in this timing report are based on a 50 Ohm transmission line loading model.  For the details of
   this model, and for more information on accounting for different loading conditions, please see the device datasheet.


Timing summary:
---------------

Timing errors: 0  Score: 0 (Setup/Max: 0, Hold: 0)

Constraints cover 3310633 paths, 0 nets, and 25440 connections

Design statistics:
   Minimum period:  31.456ns (Maximum frequency:  31.790MHz)


Analysis completed Tue Dec 30 00:17:37 2014
--------------------------------------------------------------------------------

Generating Report ...

Number of warnings: 0
Number of info messages: 3
Total time: 16 secs 


