
bitinit version Xilinx EDK 13.4 Build EDK_O.87xd
Copyright (c) Xilinx Inc. 2002.

Parsing MHS File system.mhs...

Overriding IP level properties ...

Computing clock values...
INFO:EDK:740 - Cannot determine the input clock associated with port :
   ilmb_cntlr:BRAM_Clk_A. Clock DRCs will not be performed on this core and
   cores connected to it. 
INFO:EDK:740 - Cannot determine the input clock associated with port :
   dlmb_cntlr:BRAM_Clk_A. Clock DRCs will not be performed on this core and
   cores connected to it. 

Performing IP level DRCs on properties...

Running DRC Tcl procedures for OPTION IPLEVEL_DRC_PROC...
Address Map for Processor microblaze_0
  (0000000000-0x0000ffff) dlmb_cntlr	dlmb
  (0000000000-0x0000ffff) ilmb_cntlr	ilmb
  (0x81400000-0x8140ffff) SevSeg_Disp_12Bits	mb_plb
  (0x81420000-0x8142ffff) DIP_Switches_8Bits	mb_plb
  (0x81800000-0x8180ffff) xps_intc_0	mb_plb
  (0x82000000-0x82ffffff) Micron_RAM	mb_plb
  (0x83600000-0x8363ffff) vga_ip_0	mb_plb
  (0x83c00000-0x83c0ffff) xps_timer_0	mb_plb
  (0x84000000-0x8400ffff) RS232_Uart_1	mb_plb
  (0x84400000-0x8440ffff) mdm_0	mb_plb
  (0x86a00000-0x86a0ffff) xps_ps2_0	mb_plb
INFO:EDK:4130 - IPNAME: plb_v46, INSTANCE:mb_plb - tool is overriding PARAMETER
   C_PLBV46_NUM_MASTERS value to 2 -
   D:\Xilinx\13.4\ISE_DS\EDK\hw\XilinxProcessorIPLib\pcores\plb_v46_v1_05_a\data
   \plb_v46_v2_1_0.mpd line 78 
INFO:EDK:4130 - IPNAME: plb_v46, INSTANCE:mb_plb - tool is overriding PARAMETER
   C_PLBV46_NUM_SLAVES value to 9 -
   D:\Xilinx\13.4\ISE_DS\EDK\hw\XilinxProcessorIPLib\pcores\plb_v46_v1_05_a\data
   \plb_v46_v2_1_0.mpd line 79 
INFO:EDK:4130 - IPNAME: plb_v46, INSTANCE:mb_plb - tool is overriding PARAMETER
   C_PLBV46_MID_WIDTH value to 1 -
   D:\Xilinx\13.4\ISE_DS\EDK\hw\XilinxProcessorIPLib\pcores\plb_v46_v1_05_a\data
   \plb_v46_v2_1_0.mpd line 80 
INFO:EDK:4130 - IPNAME: plb_v46, INSTANCE:mb_plb - tool is overriding PARAMETER
   C_PLBV46_DWIDTH value to 32 -
   D:\Xilinx\13.4\ISE_DS\EDK\hw\XilinxProcessorIPLib\pcores\plb_v46_v1_05_a\data
   \plb_v46_v2_1_0.mpd line 82 
INFO:EDK:4130 - IPNAME: lmb_v10, INSTANCE:ilmb - tool is overriding PARAMETER
   C_LMB_NUM_SLAVES value to 1 -
   D:\Xilinx\13.4\ISE_DS\EDK\hw\XilinxProcessorIPLib\pcores\lmb_v10_v2_00_b\data
   \lmb_v10_v2_1_0.mpd line 80 
INFO:EDK:4130 - IPNAME: lmb_v10, INSTANCE:dlmb - tool is overriding PARAMETER
   C_LMB_NUM_SLAVES value to 1 -
   D:\Xilinx\13.4\ISE_DS\EDK\hw\XilinxProcessorIPLib\pcores\lmb_v10_v2_00_b\data
   \lmb_v10_v2_1_0.mpd line 80 
INFO:EDK:4130 - IPNAME: bram_block, INSTANCE:lmb_bram - tool is overriding
   PARAMETER C_MEMSIZE value to 0x10000 -
   D:\Xilinx\13.4\ISE_DS\EDK\hw\XilinxProcessorIPLib\pcores\bram_block_v1_00_a\d
   ata\bram_block_v2_1_0.mpd line 76 
INFO:EDK:4130 - IPNAME: xps_uartlite, INSTANCE:RS232_Uart_1 - tool is overriding
   PARAMETER C_SPLB_NUM_MASTERS value to 2 -
   D:\Xilinx\13.4\ISE_DS\EDK\hw\XilinxProcessorIPLib\pcores\xps_uartlite_v1_02_a
   \data\xps_uartlite_v2_1_0.mpd line 83 
INFO:EDK:4130 - IPNAME: xps_gpio, INSTANCE:DIP_Switches_8Bits - tool is
   overriding PARAMETER C_SPLB_NUM_MASTERS value to 2 -
   D:\Xilinx\13.4\ISE_DS\EDK\hw\XilinxProcessorIPLib\pcores\xps_gpio_v2_00_a\dat
   a\xps_gpio_v2_1_0.mpd line 81 
INFO:EDK:4130 - IPNAME: xps_mch_emc, INSTANCE:Micron_RAM - tool is overriding
   PARAMETER C_SPLB_NUM_MASTERS value to 2 -
   D:\Xilinx\13.4\ISE_DS\EDK\hw\XilinxProcessorIPLib\pcores\xps_mch_emc_v3_01_a\
   data\xps_mch_emc_v2_1_0.mpd line 88 
INFO:EDK:4130 - IPNAME: mdm, INSTANCE:mdm_0 - tool is overriding PARAMETER
   C_SPLB_MID_WIDTH value to 1 -
   D:\Xilinx\13.4\ISE_DS\EDK\hw\XilinxProcessorIPLib\pcores\mdm_v2_00_b\data\mdm
   _v2_1_0.mpd line 92 
INFO:EDK:4130 - IPNAME: mdm, INSTANCE:mdm_0 - tool is overriding PARAMETER
   C_SPLB_NUM_MASTERS value to 2 -
   D:\Xilinx\13.4\ISE_DS\EDK\hw\XilinxProcessorIPLib\pcores\mdm_v2_00_b\data\mdm
   _v2_1_0.mpd line 93 
INFO:EDK:4130 - IPNAME: vga_ip, INSTANCE:vga_ip_0 - tool is overriding PARAMETER
   C_SPLB_DWIDTH value to 32 -
   D:\Workspaces\lab_gobang_AI_2\pcores\vga_ip_v1_00_a\data\vga_ip_v2_1_0.mpd
   line 27 
INFO:EDK:4130 - IPNAME: vga_ip, INSTANCE:vga_ip_0 - tool is overriding PARAMETER
   C_SPLB_NUM_MASTERS value to 2 -
   D:\Workspaces\lab_gobang_AI_2\pcores\vga_ip_v1_00_a\data\vga_ip_v2_1_0.mpd
   line 28 
INFO:EDK:4130 - IPNAME: vga_ip, INSTANCE:vga_ip_0 - tool is overriding PARAMETER
   C_SPLB_MID_WIDTH value to 1 -
   D:\Workspaces\lab_gobang_AI_2\pcores\vga_ip_v1_00_a\data\vga_ip_v2_1_0.mpd
   line 29 
INFO:EDK:4130 - IPNAME: xps_ps2, INSTANCE:xps_ps2_0 - tool is overriding
   PARAMETER C_SPLB_NUM_MASTERS value to 2 -
   D:\Xilinx\13.4\ISE_DS\EDK\hw\XilinxProcessorIPLib\pcores\xps_ps2_v1_01_b\data
   \xps_ps2_v2_1_0.mpd line 80 
INFO:EDK:4130 - IPNAME: xps_timer, INSTANCE:xps_timer_0 - tool is overriding
   PARAMETER C_SPLB_MID_WIDTH value to 1 -
   D:\Xilinx\13.4\ISE_DS\EDK\hw\XilinxProcessorIPLib\pcores\xps_timer_v1_02_a\da
   ta\xps_timer_v2_1_0.mpd line 86 
INFO:EDK:4130 - IPNAME: xps_timer, INSTANCE:xps_timer_0 - tool is overriding
   PARAMETER C_SPLB_NUM_MASTERS value to 2 -
   D:\Xilinx\13.4\ISE_DS\EDK\hw\XilinxProcessorIPLib\pcores\xps_timer_v1_02_a\da
   ta\xps_timer_v2_1_0.mpd line 87 
INFO:EDK:4130 - IPNAME: xps_intc, INSTANCE:xps_intc_0 - tool is overriding
   PARAMETER C_SPLB_NUM_MASTERS value to 2 -
   D:\Xilinx\13.4\ISE_DS\EDK\hw\XilinxProcessorIPLib\pcores\xps_intc_v2_01_a\dat
   a\xps_intc_v2_1_0.mpd line 82 
INFO:EDK:4130 - IPNAME: xps_gpio, INSTANCE:SevSeg_Disp_12Bits - tool is
   overriding PARAMETER C_SPLB_NUM_MASTERS value to 2 -
   D:\Xilinx\13.4\ISE_DS\EDK\hw\XilinxProcessorIPLib\pcores\xps_gpio_v2_00_a\dat
   a\xps_gpio_v2_1_0.mpd line 81 

Checking platform address map ...

Initializing Memory...
Running Data2Mem with the following command:
data2mem -bm "implementation/system_bd" -p xc6slx16csg324-3 -bt
"implementation/system.bit"  -bd "bootloops/microblaze_0.elf" tag microblaze_0 
-o b implementation/download.bit 
Memory Initialization completed successfully.

